0 info it worked if it ends with ok
1 verbose cli [ '/usr/bin/node', '/usr/bin/npm', 'publish' ]
2 info using npm@3.10.10
3 info using node@v6.12.3
4 verbose publish [ '.' ]
5 silly cache add args [ '.', null ]
6 verbose cache add spec .
7 silly cache add parsed spec Result {
7 silly cache add   raw: '.',
7 silly cache add   scope: null,
7 silly cache add   escapedName: null,
7 silly cache add   name: null,
7 silly cache add   rawSpec: '.',
7 silly cache add   spec: '/home/faishal/Documents/midtrans-node',
7 silly cache add   type: 'directory' }
8 verbose addLocalDirectory /home/faishal/.npm/midtrans-node/1.0.0/package.tgz not in flight; packing
9 verbose correctMkdir /home/faishal/.npm correctMkdir not in flight; initializing
10 info lifecycle midtrans-node@1.0.0~prepublish: midtrans-node@1.0.0
11 silly lifecycle midtrans-node@1.0.0~prepublish: no script for prepublish, continuing
12 verbose tar pack [ '/home/faishal/.npm/midtrans-node/1.0.0/package.tgz',
12 verbose tar pack   '/home/faishal/Documents/midtrans-node' ]
13 verbose tarball /home/faishal/.npm/midtrans-node/1.0.0/package.tgz
14 verbose folder /home/faishal/Documents/midtrans-node
15 verbose addLocalTarball adding from inside cache /home/faishal/.npm/midtrans-node/1.0.0/package.tgz
16 verbose correctMkdir /home/faishal/.npm correctMkdir not in flight; initializing
17 silly cache afterAdd midtrans-node@1.0.0
18 verbose afterAdd /home/faishal/.npm/midtrans-node/1.0.0/package/package.json not in flight; writing
19 verbose correctMkdir /home/faishal/.npm correctMkdir not in flight; initializing
20 verbose afterAdd /home/faishal/.npm/midtrans-node/1.0.0/package/package.json written
21 silly publish { name: 'midtrans-node',
21 silly publish   version: '1.0.0',
21 silly publish   description: 'library for SNAP API midtrans',
21 silly publish   main: 'midtrans.js',
21 silly publish   scripts: { test: 'echo "Error: no test specified" && exit 1' },
21 silly publish   repository:
21 silly publish    { type: 'git',
21 silly publish      url: 'git+https://github.com/vai21/midtrans-node.git' },
21 silly publish   keywords: [ 'midtrans', 'SNAP', 'nodejs' ],
21 silly publish   author: { name: 'Faisal' },
21 silly publish   license: 'ISC',
21 silly publish   bugs: { url: 'https://github.com/vai21/midtrans-node/issues' },
21 silly publish   homepage: 'https://github.com/vai21/midtrans-node#readme',
21 silly publish   readme: '# midtrans-node\nmidtrans SNAP API nodejs\n\nThis is library for creating request to midtrans with SNAP API,\n\nDependencies:\nnpm install nodejs-base64-encode --save\n"nodejs-base64-encode": "0.0.2",\n\nUsage, add this code below in app.js or your entry point:\n\napp.use(\'/api/midtrans\', midtrans);\nprocess.env.MIDTRANS_SANDBOX = \'Your Server Key\';\nprocess.env.ENVIRONMENT = \'development\';\n',
21 silly publish   readmeFilename: 'README.md',
21 silly publish   gitHead: 'a4707cc770d11f9f2faf014cb844b2ad3395d30c',
21 silly publish   _id: 'midtrans-node@1.0.0',
21 silly publish   _shasum: 'c63d8d07779e4fe66a2b0c4f7c4cfa3c9507ca28',
21 silly publish   _from: '.' }
22 verbose getPublishConfig undefined
23 silly mapToRegistry name midtrans-node
24 silly mapToRegistry using default registry
25 silly mapToRegistry registry https://registry.npmjs.org/
26 silly mapToRegistry data Result {
26 silly mapToRegistry   raw: 'midtrans-node',
26 silly mapToRegistry   scope: null,
26 silly mapToRegistry   escapedName: 'midtrans-node',
26 silly mapToRegistry   name: 'midtrans-node',
26 silly mapToRegistry   rawSpec: '',
26 silly mapToRegistry   spec: 'latest',
26 silly mapToRegistry   type: 'tag' }
27 silly mapToRegistry uri https://registry.npmjs.org/midtrans-node
28 verbose publish registryBase https://registry.npmjs.org/
29 silly publish uploading /home/faishal/.npm/midtrans-node/1.0.0/package.tgz
30 verbose request uri https://registry.npmjs.org/midtrans-node
31 verbose request sending authorization for write operation
32 info attempt registry request try #1 at 6:01:21 PM
33 verbose request using bearer token for auth
34 verbose request id 2ebc51f9a4572f10
35 http request PUT https://registry.npmjs.org/midtrans-node
36 http 403 https://registry.npmjs.org/midtrans-node
37 verbose headers { 'content-type': 'application/json',
37 verbose headers   'cache-control': 'max-age=300',
37 verbose headers   'content-length': '91',
37 verbose headers   'accept-ranges': 'bytes',
37 verbose headers   date: 'Tue, 09 Jan 2018 11:01:22 GMT',
37 verbose headers   via: '1.1 varnish',
37 verbose headers   connection: 'keep-alive',
37 verbose headers   'x-served-by': 'cache-sin18027-SIN',
37 verbose headers   'x-cache': 'MISS',
37 verbose headers   'x-cache-hits': '0',
37 verbose headers   'x-timer': 'S1515495682.700400,VS0,VE980',
37 verbose headers   vary: 'Accept-Encoding, Accept' }
38 verbose request invalidating /home/faishal/.npm/registry.npmjs.org/midtrans-node on PUT
39 error publish Failed PUT 403
40 verbose stack Error: You cannot publish over the previously published version 1.0.0. : midtrans-node
40 verbose stack     at makeError (/usr/lib/node_modules/npm/node_modules/npm-registry-client/lib/request.js:302:12)
40 verbose stack     at CachingRegistryClient.<anonymous> (/usr/lib/node_modules/npm/node_modules/npm-registry-client/lib/request.js:290:14)
40 verbose stack     at Request._callback (/usr/lib/node_modules/npm/node_modules/npm-registry-client/lib/request.js:210:14)
40 verbose stack     at Request.self.callback (/usr/lib/node_modules/npm/node_modules/request/request.js:187:22)
40 verbose stack     at emitTwo (events.js:106:13)
40 verbose stack     at Request.emit (events.js:191:7)
40 verbose stack     at Request.<anonymous> (/usr/lib/node_modules/npm/node_modules/request/request.js:1048:10)
40 verbose stack     at emitOne (events.js:96:13)
40 verbose stack     at Request.emit (events.js:188:7)
40 verbose stack     at IncomingMessage.<anonymous> (/usr/lib/node_modules/npm/node_modules/request/request.js:969:12)
41 verbose statusCode 403
42 verbose pkgid midtrans-node
43 verbose cwd /home/faishal/Documents/midtrans-node
44 error Linux 4.10.0-42-generic
45 error argv "/usr/bin/node" "/usr/bin/npm" "publish"
46 error node v6.12.3
47 error npm  v3.10.10
48 error code E403
49 error You cannot publish over the previously published version 1.0.0. : midtrans-node
50 error If you need help, you may report this error at:
50 error     <https://github.com/npm/npm/issues>
51 verbose exit [ 1, true ]
